<?xml version="1.0" encoding="UTF-8" ?>
<testsuites name="vitest tests" tests="21" failures="0" errors="0" time="0.0299817">
    <testsuite name="utils/database/__tests__/auth.node.test.ts" timestamp="2026-07-13T06:33:24.990Z" hostname="IaM-Desktop" tests="4" failures="0" errors="0" skipped="0" time="0.0080749">
        <testcase classname="utils/database/__tests__/auth.node.test.ts" name="SignInWithGoogle action &gt; redirects to Google OAuth URL on success" time="0.0046507">
        </testcase>
        <testcase classname="utils/database/__tests__/auth.node.test.ts" name="SignInWithGoogle action &gt; redirects to the homepage with error when Supabase returns an error" time="0.000632">
        </testcase>
        <testcase classname="utils/database/__tests__/auth.node.test.ts" name="SignOutWithGoogle action &gt; redirects to the homepage on success" time="0.0007049">
        </testcase>
        <testcase classname="utils/database/__tests__/auth.node.test.ts" name="SignOutWithGoogle action &gt; renders error message when Supabase returns an error" time="0.0004812">
        </testcase>
    </testsuite>
    <testsuite name="utils/database/__tests__/proxy.node.test.ts" timestamp="2026-07-13T06:33:24.991Z" hostname="IaM-Desktop" tests="10" failures="0" errors="0" skipped="0" time="0.012329">
        <testcase classname="utils/database/__tests__/proxy.node.test.ts" name="Proxy — User is NOT authenticated &gt; redirects to / when accessing a protected route" time="0.0054941">
        </testcase>
        <testcase classname="utils/database/__tests__/proxy.node.test.ts" name="Proxy — User is NOT authenticated &gt; redirects to / when accessing a deeply nested protected route" time="0.0008732">
        </testcase>
        <testcase classname="utils/database/__tests__/proxy.node.test.ts" name="Proxy — User is NOT authenticated &gt; allows access to / (public route)" time="0.0009522">
        </testcase>
        <testcase classname="utils/database/__tests__/proxy.node.test.ts" name="Proxy — User is NOT authenticated &gt; allows access to /about (public route)" time="0.0004088">
        </testcase>
        <testcase classname="utils/database/__tests__/proxy.node.test.ts" name="Proxy — User is NOT authenticated &gt; allows access to /about/team (public sub-path)" time="0.0005411">
        </testcase>
        <testcase classname="utils/database/__tests__/proxy.node.test.ts" name="Proxy — User IS authenticated &gt; redirects to /dashboard when accessing /" time="0.0006478">
        </testcase>
        <testcase classname="utils/database/__tests__/proxy.node.test.ts" name="Proxy — User IS authenticated &gt; allows access to /dashboard" time="0.0003471">
        </testcase>
        <testcase classname="utils/database/__tests__/proxy.node.test.ts" name="Proxy — User IS authenticated &gt; allows access to a protected nested route" time="0.0002525">
        </testcase>
        <testcase classname="utils/database/__tests__/proxy.node.test.ts" name="Proxy — route matcher work correctly (/product as public) &gt; redirects to / when accessing /products" time="0.000794">
        </testcase>
        <testcase classname="utils/database/__tests__/proxy.node.test.ts" name="Proxy — route matcher work correctly (/product as public) &gt; redirects to / when accessing /products/about/product-id" time="0.0003977">
        </testcase>
    </testsuite>
    <testsuite name="app/api/auth/__tests__/auth.node.test.ts" timestamp="2026-07-13T06:33:24.993Z" hostname="IaM-Desktop" tests="7" failures="0" errors="0" skipped="0" time="0.0095778">
        <testcase classname="app/api/auth/__tests__/auth.node.test.ts" name="GET /api/auth &gt; No code in params &gt; redirects to homepage with error" time="0.004222">
        </testcase>
        <testcase classname="app/api/auth/__tests__/auth.node.test.ts" name="GET /api/auth &gt; Fails to exchange code for a session &gt; redirects to homepage with error" time="0.0006815">
        </testcase>
        <testcase classname="app/api/auth/__tests__/auth.node.test.ts" name="GET /api/auth &gt; Succeed to exchange code for a session &gt; redirects to / by default in local env" time="0.0008889">
        </testcase>
        <testcase classname="app/api/auth/__tests__/auth.node.test.ts" name="GET /api/auth &gt; Succeed to exchange code for a session &gt; redirects to ?next= path in local env" time="0.0003972">
        </testcase>
        <testcase classname="app/api/auth/__tests__/auth.node.test.ts" name="GET /api/auth &gt; Succeed to exchange code for a session &gt; ignores non-relative next param and redirects to /" time="0.0006011">
        </testcase>
        <testcase classname="app/api/auth/__tests__/auth.node.test.ts" name="GET /api/auth &gt; Succeed to exchange code for a session &gt; uses x-forwarded-host in production" time="0.0007526">
        </testcase>
        <testcase classname="app/api/auth/__tests__/auth.node.test.ts" name="GET /api/auth &gt; Succeed to exchange code for a session &gt; falls back to origin when no x-forwarded-host in production" time="0.0003407">
        </testcase>
    </testsuite>
</testsuites>
